<?xml version="1.0" encoding="UTF-8"?>
<testng-results ignored="0" total="1" passed="1" failed="0" skipped="0">
  <reporter-output>
  </reporter-output>
  <suite started-at="2023-07-03T16:33:02 IST" name="Default suite" finished-at="2023-07-03T16:33:11 IST" duration-ms="9087">
    <groups>
    </groups>
    <test started-at="2023-07-03T16:33:02 IST" name="Default test" finished-at="2023-07-03T16:33:11 IST" duration-ms="9087">
      <class name="Test_Scenarios.TestMethods_Googlesearch">
        <test-method is-config="true" signature="beforetest()[pri:0, instance:Test_Scenarios.TestMethods_Googlesearch@79e4c792]" started-at="2023-07-03T16:33:02 IST" name="beforetest" finished-at="2023-07-03T16:33:07 IST" duration-ms="5594" status="PASS">
          <reporter-output>
          </reporter-output>
        </test-method> <!-- beforetest -->
        <test-method signature="searchoperator()[pri:0, instance:Test_Scenarios.TestMethods_Googlesearch@79e4c792]" started-at="2023-07-03T16:33:07 IST" name="searchoperator" finished-at="2023-07-03T16:33:11 IST" duration-ms="3089" status="PASS">
          <reporter-output>
          </reporter-output>
        </test-method> <!-- searchoperator -->
        <test-method is-config="true" signature="aftertest()[pri:0, instance:Test_Scenarios.TestMethods_Googlesearch@79e4c792]" started-at="2023-07-03T16:33:11 IST" name="aftertest" finished-at="2023-07-03T16:33:11 IST" duration-ms="372" status="PASS">
          <reporter-output>
          </reporter-output>
        </test-method> <!-- aftertest -->
      </class> <!-- Test_Scenarios.TestMethods_Googlesearch -->
    </test> <!-- Default test -->
  </suite> <!-- Default suite -->
</testng-results>
